Copyright 1986-2022 Xilinx, Inc. All Rights Reserved. Copyright 2022-2024 Advanced Micro Devices, Inc. All Rights Reserved.
-----------------------------------------------------------------------------------------------------------------------------------------------------------------------------------------------
| Tool Version : Vivado v.2023.2.2 (win64) Build 4126759 Thu Feb  8 23:53:51 MST 2024
| Date         : Tue Oct 29 17:11:12 2024
| Host         : DESKTOP-JHBES8T running 64-bit major release  (build 9200)
| Command      : report_methodology -file env_extr_bd_wrapper_methodology_drc_routed.rpt -pb env_extr_bd_wrapper_methodology_drc_routed.pb -rpx env_extr_bd_wrapper_methodology_drc_routed.rpx
| Design       : env_extr_bd_wrapper
| Device       : xck26-sfvc784-2LV-c
| Speed File   : -2LV
| Design State : Fully Routed
-----------------------------------------------------------------------------------------------------------------------------------------------------------------------------------------------

Report Methodology

Table of Contents
-----------------
1. REPORT SUMMARY
2. REPORT DETAILS

1. REPORT SUMMARY
-----------------
            Netlist: netlist
          Floorplan: checkpoint_env_extr_bd_wrapper
      Design limits: <entire design considered>
             Max violations: <unlimited>
             Violations found: 103
+-----------+----------+-------------------------------+------------+
| Rule      | Severity | Description                   | Violations |
+-----------+----------+-------------------------------+------------+
| TIMING-18 | Warning  | Missing input or output delay | 103        |
+-----------+----------+-------------------------------+------------+

2. REPORT DETAILS
-----------------
TIMING-18#1 Warning
Missing input or output delay  
An input delay is missing on soc_tready[0] relative to the rising and/or falling clock edge(s) of clk.
Related violations: <none>

TIMING-18#2 Warning
Missing input or output delay  
An input delay is missing on steto_in_axis_tdata[0] relative to the rising and/or falling clock edge(s) of clk.
Related violations: <none>

TIMING-18#3 Warning
Missing input or output delay  
An input delay is missing on steto_in_axis_tdata[10] relative to the rising and/or falling clock edge(s) of clk.
Related violations: <none>

TIMING-18#4 Warning
Missing input or output delay  
An input delay is missing on steto_in_axis_tdata[11] relative to the rising and/or falling clock edge(s) of clk.
Related violations: <none>

TIMING-18#5 Warning
Missing input or output delay  
An input delay is missing on steto_in_axis_tdata[12] relative to the rising and/or falling clock edge(s) of clk.
Related violations: <none>

TIMING-18#6 Warning
Missing input or output delay  
An input delay is missing on steto_in_axis_tdata[13] relative to the rising and/or falling clock edge(s) of clk.
Related violations: <none>

TIMING-18#7 Warning
Missing input or output delay  
An input delay is missing on steto_in_axis_tdata[14] relative to the rising and/or falling clock edge(s) of clk.
Related violations: <none>

TIMING-18#8 Warning
Missing input or output delay  
An input delay is missing on steto_in_axis_tdata[15] relative to the rising and/or falling clock edge(s) of clk.
Related violations: <none>

TIMING-18#9 Warning
Missing input or output delay  
An input delay is missing on steto_in_axis_tdata[1] relative to the rising and/or falling clock edge(s) of clk.
Related violations: <none>

TIMING-18#10 Warning
Missing input or output delay  
An input delay is missing on steto_in_axis_tdata[2] relative to the rising and/or falling clock edge(s) of clk.
Related violations: <none>

TIMING-18#11 Warning
Missing input or output delay  
An input delay is missing on steto_in_axis_tdata[3] relative to the rising and/or falling clock edge(s) of clk.
Related violations: <none>

TIMING-18#12 Warning
Missing input or output delay  
An input delay is missing on steto_in_axis_tdata[4] relative to the rising and/or falling clock edge(s) of clk.
Related violations: <none>

TIMING-18#13 Warning
Missing input or output delay  
An input delay is missing on steto_in_axis_tdata[5] relative to the rising and/or falling clock edge(s) of clk.
Related violations: <none>

TIMING-18#14 Warning
Missing input or output delay  
An input delay is missing on steto_in_axis_tdata[6] relative to the rising and/or falling clock edge(s) of clk.
Related violations: <none>

TIMING-18#15 Warning
Missing input or output delay  
An input delay is missing on steto_in_axis_tdata[7] relative to the rising and/or falling clock edge(s) of clk.
Related violations: <none>

TIMING-18#16 Warning
Missing input or output delay  
An input delay is missing on steto_in_axis_tdata[8] relative to the rising and/or falling clock edge(s) of clk.
Related violations: <none>

TIMING-18#17 Warning
Missing input or output delay  
An input delay is missing on steto_in_axis_tdata[9] relative to the rising and/or falling clock edge(s) of clk.
Related violations: <none>

TIMING-18#18 Warning
Missing input or output delay  
An input delay is missing on steto_in_axis_tvalid[0] relative to the rising and/or falling clock edge(s) of clk.
Related violations: <none>

TIMING-18#19 Warning
Missing input or output delay  
An output delay is missing on hilbert_m_data_tdata[0] relative to the rising and/or falling clock edge(s) of clk.
Related violations: <none>

TIMING-18#20 Warning
Missing input or output delay  
An output delay is missing on hilbert_m_data_tdata[10] relative to the rising and/or falling clock edge(s) of clk.
Related violations: <none>

TIMING-18#21 Warning
Missing input or output delay  
An output delay is missing on hilbert_m_data_tdata[11] relative to the rising and/or falling clock edge(s) of clk.
Related violations: <none>

TIMING-18#22 Warning
Missing input or output delay  
An output delay is missing on hilbert_m_data_tdata[12] relative to the rising and/or falling clock edge(s) of clk.
Related violations: <none>

TIMING-18#23 Warning
Missing input or output delay  
An output delay is missing on hilbert_m_data_tdata[13] relative to the rising and/or falling clock edge(s) of clk.
Related violations: <none>

TIMING-18#24 Warning
Missing input or output delay  
An output delay is missing on hilbert_m_data_tdata[14] relative to the rising and/or falling clock edge(s) of clk.
Related violations: <none>

TIMING-18#25 Warning
Missing input or output delay  
An output delay is missing on hilbert_m_data_tdata[15] relative to the rising and/or falling clock edge(s) of clk.
Related violations: <none>

TIMING-18#26 Warning
Missing input or output delay  
An output delay is missing on hilbert_m_data_tdata[1] relative to the rising and/or falling clock edge(s) of clk.
Related violations: <none>

TIMING-18#27 Warning
Missing input or output delay  
An output delay is missing on hilbert_m_data_tdata[2] relative to the rising and/or falling clock edge(s) of clk.
Related violations: <none>

TIMING-18#28 Warning
Missing input or output delay  
An output delay is missing on hilbert_m_data_tdata[3] relative to the rising and/or falling clock edge(s) of clk.
Related violations: <none>

TIMING-18#29 Warning
Missing input or output delay  
An output delay is missing on hilbert_m_data_tdata[4] relative to the rising and/or falling clock edge(s) of clk.
Related violations: <none>

TIMING-18#30 Warning
Missing input or output delay  
An output delay is missing on hilbert_m_data_tdata[5] relative to the rising and/or falling clock edge(s) of clk.
Related violations: <none>

TIMING-18#31 Warning
Missing input or output delay  
An output delay is missing on hilbert_m_data_tdata[6] relative to the rising and/or falling clock edge(s) of clk.
Related violations: <none>

TIMING-18#32 Warning
Missing input or output delay  
An output delay is missing on hilbert_m_data_tdata[7] relative to the rising and/or falling clock edge(s) of clk.
Related violations: <none>

TIMING-18#33 Warning
Missing input or output delay  
An output delay is missing on hilbert_m_data_tdata[8] relative to the rising and/or falling clock edge(s) of clk.
Related violations: <none>

TIMING-18#34 Warning
Missing input or output delay  
An output delay is missing on hilbert_m_data_tdata[9] relative to the rising and/or falling clock edge(s) of clk.
Related violations: <none>

TIMING-18#35 Warning
Missing input or output delay  
An output delay is missing on hilbert_m_data_tvalid[0] relative to the rising and/or falling clock edge(s) of clk.
Related violations: <none>

TIMING-18#36 Warning
Missing input or output delay  
An output delay is missing on homo_m_data_tdata[0] relative to the rising and/or falling clock edge(s) of clk.
Related violations: <none>

TIMING-18#37 Warning
Missing input or output delay  
An output delay is missing on homo_m_data_tdata[10] relative to the rising and/or falling clock edge(s) of clk.
Related violations: <none>

TIMING-18#38 Warning
Missing input or output delay  
An output delay is missing on homo_m_data_tdata[11] relative to the rising and/or falling clock edge(s) of clk.
Related violations: <none>

TIMING-18#39 Warning
Missing input or output delay  
An output delay is missing on homo_m_data_tdata[12] relative to the rising and/or falling clock edge(s) of clk.
Related violations: <none>

TIMING-18#40 Warning
Missing input or output delay  
An output delay is missing on homo_m_data_tdata[13] relative to the rising and/or falling clock edge(s) of clk.
Related violations: <none>

TIMING-18#41 Warning
Missing input or output delay  
An output delay is missing on homo_m_data_tdata[14] relative to the rising and/or falling clock edge(s) of clk.
Related violations: <none>

TIMING-18#42 Warning
Missing input or output delay  
An output delay is missing on homo_m_data_tdata[15] relative to the rising and/or falling clock edge(s) of clk.
Related violations: <none>

TIMING-18#43 Warning
Missing input or output delay  
An output delay is missing on homo_m_data_tdata[1] relative to the rising and/or falling clock edge(s) of clk.
Related violations: <none>

TIMING-18#44 Warning
Missing input or output delay  
An output delay is missing on homo_m_data_tdata[2] relative to the rising and/or falling clock edge(s) of clk.
Related violations: <none>

TIMING-18#45 Warning
Missing input or output delay  
An output delay is missing on homo_m_data_tdata[3] relative to the rising and/or falling clock edge(s) of clk.
Related violations: <none>

TIMING-18#46 Warning
Missing input or output delay  
An output delay is missing on homo_m_data_tdata[4] relative to the rising and/or falling clock edge(s) of clk.
Related violations: <none>

TIMING-18#47 Warning
Missing input or output delay  
An output delay is missing on homo_m_data_tdata[5] relative to the rising and/or falling clock edge(s) of clk.
Related violations: <none>

TIMING-18#48 Warning
Missing input or output delay  
An output delay is missing on homo_m_data_tdata[6] relative to the rising and/or falling clock edge(s) of clk.
Related violations: <none>

TIMING-18#49 Warning
Missing input or output delay  
An output delay is missing on homo_m_data_tdata[7] relative to the rising and/or falling clock edge(s) of clk.
Related violations: <none>

TIMING-18#50 Warning
Missing input or output delay  
An output delay is missing on homo_m_data_tdata[8] relative to the rising and/or falling clock edge(s) of clk.
Related violations: <none>

TIMING-18#51 Warning
Missing input or output delay  
An output delay is missing on homo_m_data_tdata[9] relative to the rising and/or falling clock edge(s) of clk.
Related violations: <none>

TIMING-18#52 Warning
Missing input or output delay  
An output delay is missing on homo_m_data_tvalid[0] relative to the rising and/or falling clock edge(s) of clk.
Related violations: <none>

TIMING-18#53 Warning
Missing input or output delay  
An output delay is missing on psd_m_data_tdata[0] relative to the rising and/or falling clock edge(s) of clk.
Related violations: <none>

TIMING-18#54 Warning
Missing input or output delay  
An output delay is missing on psd_m_data_tdata[10] relative to the rising and/or falling clock edge(s) of clk.
Related violations: <none>

TIMING-18#55 Warning
Missing input or output delay  
An output delay is missing on psd_m_data_tdata[11] relative to the rising and/or falling clock edge(s) of clk.
Related violations: <none>

TIMING-18#56 Warning
Missing input or output delay  
An output delay is missing on psd_m_data_tdata[12] relative to the rising and/or falling clock edge(s) of clk.
Related violations: <none>

TIMING-18#57 Warning
Missing input or output delay  
An output delay is missing on psd_m_data_tdata[13] relative to the rising and/or falling clock edge(s) of clk.
Related violations: <none>

TIMING-18#58 Warning
Missing input or output delay  
An output delay is missing on psd_m_data_tdata[14] relative to the rising and/or falling clock edge(s) of clk.
Related violations: <none>

TIMING-18#59 Warning
Missing input or output delay  
An output delay is missing on psd_m_data_tdata[15] relative to the rising and/or falling clock edge(s) of clk.
Related violations: <none>

TIMING-18#60 Warning
Missing input or output delay  
An output delay is missing on psd_m_data_tdata[16] relative to the rising and/or falling clock edge(s) of clk.
Related violations: <none>

TIMING-18#61 Warning
Missing input or output delay  
An output delay is missing on psd_m_data_tdata[17] relative to the rising and/or falling clock edge(s) of clk.
Related violations: <none>

TIMING-18#62 Warning
Missing input or output delay  
An output delay is missing on psd_m_data_tdata[18] relative to the rising and/or falling clock edge(s) of clk.
Related violations: <none>

TIMING-18#63 Warning
Missing input or output delay  
An output delay is missing on psd_m_data_tdata[19] relative to the rising and/or falling clock edge(s) of clk.
Related violations: <none>

TIMING-18#64 Warning
Missing input or output delay  
An output delay is missing on psd_m_data_tdata[1] relative to the rising and/or falling clock edge(s) of clk.
Related violations: <none>

TIMING-18#65 Warning
Missing input or output delay  
An output delay is missing on psd_m_data_tdata[20] relative to the rising and/or falling clock edge(s) of clk.
Related violations: <none>

TIMING-18#66 Warning
Missing input or output delay  
An output delay is missing on psd_m_data_tdata[21] relative to the rising and/or falling clock edge(s) of clk.
Related violations: <none>

TIMING-18#67 Warning
Missing input or output delay  
An output delay is missing on psd_m_data_tdata[22] relative to the rising and/or falling clock edge(s) of clk.
Related violations: <none>

TIMING-18#68 Warning
Missing input or output delay  
An output delay is missing on psd_m_data_tdata[23] relative to the rising and/or falling clock edge(s) of clk.
Related violations: <none>

TIMING-18#69 Warning
Missing input or output delay  
An output delay is missing on psd_m_data_tdata[24] relative to the rising and/or falling clock edge(s) of clk.
Related violations: <none>

TIMING-18#70 Warning
Missing input or output delay  
An output delay is missing on psd_m_data_tdata[25] relative to the rising and/or falling clock edge(s) of clk.
Related violations: <none>

TIMING-18#71 Warning
Missing input or output delay  
An output delay is missing on psd_m_data_tdata[26] relative to the rising and/or falling clock edge(s) of clk.
Related violations: <none>

TIMING-18#72 Warning
Missing input or output delay  
An output delay is missing on psd_m_data_tdata[27] relative to the rising and/or falling clock edge(s) of clk.
Related violations: <none>

TIMING-18#73 Warning
Missing input or output delay  
An output delay is missing on psd_m_data_tdata[28] relative to the rising and/or falling clock edge(s) of clk.
Related violations: <none>

TIMING-18#74 Warning
Missing input or output delay  
An output delay is missing on psd_m_data_tdata[29] relative to the rising and/or falling clock edge(s) of clk.
Related violations: <none>

TIMING-18#75 Warning
Missing input or output delay  
An output delay is missing on psd_m_data_tdata[2] relative to the rising and/or falling clock edge(s) of clk.
Related violations: <none>

TIMING-18#76 Warning
Missing input or output delay  
An output delay is missing on psd_m_data_tdata[30] relative to the rising and/or falling clock edge(s) of clk.
Related violations: <none>

TIMING-18#77 Warning
Missing input or output delay  
An output delay is missing on psd_m_data_tdata[31] relative to the rising and/or falling clock edge(s) of clk.
Related violations: <none>

TIMING-18#78 Warning
Missing input or output delay  
An output delay is missing on psd_m_data_tdata[3] relative to the rising and/or falling clock edge(s) of clk.
Related violations: <none>

TIMING-18#79 Warning
Missing input or output delay  
An output delay is missing on psd_m_data_tdata[4] relative to the rising and/or falling clock edge(s) of clk.
Related violations: <none>

TIMING-18#80 Warning
Missing input or output delay  
An output delay is missing on psd_m_data_tdata[5] relative to the rising and/or falling clock edge(s) of clk.
Related violations: <none>

TIMING-18#81 Warning
Missing input or output delay  
An output delay is missing on psd_m_data_tdata[6] relative to the rising and/or falling clock edge(s) of clk.
Related violations: <none>

TIMING-18#82 Warning
Missing input or output delay  
An output delay is missing on psd_m_data_tdata[7] relative to the rising and/or falling clock edge(s) of clk.
Related violations: <none>

TIMING-18#83 Warning
Missing input or output delay  
An output delay is missing on psd_m_data_tdata[8] relative to the rising and/or falling clock edge(s) of clk.
Related violations: <none>

TIMING-18#84 Warning
Missing input or output delay  
An output delay is missing on psd_m_data_tdata[9] relative to the rising and/or falling clock edge(s) of clk.
Related violations: <none>

TIMING-18#85 Warning
Missing input or output delay  
An output delay is missing on psd_m_data_tvalid[0] relative to the rising and/or falling clock edge(s) of clk.
Related violations: <none>

TIMING-18#86 Warning
Missing input or output delay  
An output delay is missing on steto_in_axis_tready[0] relative to the rising and/or falling clock edge(s) of clk.
Related violations: <none>

TIMING-18#87 Warning
Missing input or output delay  
An output delay is missing on swt_m_data_tdata[0] relative to the rising and/or falling clock edge(s) of clk.
Related violations: <none>

TIMING-18#88 Warning
Missing input or output delay  
An output delay is missing on swt_m_data_tdata[10] relative to the rising and/or falling clock edge(s) of clk.
Related violations: <none>

TIMING-18#89 Warning
Missing input or output delay  
An output delay is missing on swt_m_data_tdata[11] relative to the rising and/or falling clock edge(s) of clk.
Related violations: <none>

TIMING-18#90 Warning
Missing input or output delay  
An output delay is missing on swt_m_data_tdata[12] relative to the rising and/or falling clock edge(s) of clk.
Related violations: <none>

TIMING-18#91 Warning
Missing input or output delay  
An output delay is missing on swt_m_data_tdata[13] relative to the rising and/or falling clock edge(s) of clk.
Related violations: <none>

TIMING-18#92 Warning
Missing input or output delay  
An output delay is missing on swt_m_data_tdata[14] relative to the rising and/or falling clock edge(s) of clk.
Related violations: <none>

TIMING-18#93 Warning
Missing input or output delay  
An output delay is missing on swt_m_data_tdata[15] relative to the rising and/or falling clock edge(s) of clk.
Related violations: <none>

TIMING-18#94 Warning
Missing input or output delay  
An output delay is missing on swt_m_data_tdata[1] relative to the rising and/or falling clock edge(s) of clk.
Related violations: <none>

TIMING-18#95 Warning
Missing input or output delay  
An output delay is missing on swt_m_data_tdata[2] relative to the rising and/or falling clock edge(s) of clk.
Related violations: <none>

TIMING-18#96 Warning
Missing input or output delay  
An output delay is missing on swt_m_data_tdata[3] relative to the rising and/or falling clock edge(s) of clk.
Related violations: <none>

TIMING-18#97 Warning
Missing input or output delay  
An output delay is missing on swt_m_data_tdata[4] relative to the rising and/or falling clock edge(s) of clk.
Related violations: <none>

TIMING-18#98 Warning
Missing input or output delay  
An output delay is missing on swt_m_data_tdata[5] relative to the rising and/or falling clock edge(s) of clk.
Related violations: <none>

TIMING-18#99 Warning
Missing input or output delay  
An output delay is missing on swt_m_data_tdata[6] relative to the rising and/or falling clock edge(s) of clk.
Related violations: <none>

TIMING-18#100 Warning
Missing input or output delay  
An output delay is missing on swt_m_data_tdata[7] relative to the rising and/or falling clock edge(s) of clk.
Related violations: <none>

TIMING-18#101 Warning
Missing input or output delay  
An output delay is missing on swt_m_data_tdata[8] relative to the rising and/or falling clock edge(s) of clk.
Related violations: <none>

TIMING-18#102 Warning
Missing input or output delay  
An output delay is missing on swt_m_data_tdata[9] relative to the rising and/or falling clock edge(s) of clk.
Related violations: <none>

TIMING-18#103 Warning
Missing input or output delay  
An output delay is missing on swt_m_data_tvalid[0] relative to the rising and/or falling clock edge(s) of clk.
Related violations: <none>


